
 BerkeleyGW version 3.0
 Sigma code, Complex version, run on 31-Jan-2023 at 15:29:08 -0800

                                                                 ..o.          
                                                                .oxxo.         
                                                               .oxxxxo...      
                                                               oxxxxxxo.       
                                                              .oxxxxxxx.       
                                                              .ooooooxxo..     
                                                              .oooooooxo..     
                                                              .oooooxxo...     
                                                       .........oxooo......    
                                                 ............................  
                                             ................................. 
                                          .................................... 
           .          ..oo. ....  .................................oooxxxxxxxo.
     .............oxxxx@ox@@@x@x.....................o...........ooooooooooxx. 
    .o.........oox@x.oo........xxx@@............ooxxxxo..........ooooxxxxxoxo  
    .x........x@xxo...............o@xxo........oxxx@@@xoooooooooooooooxxxo...  
    .o......ox@@o..................oox@o.....ooxxx@xoooxxxxxxxoooooooooooo.... 
    o..ooooo@@xoooo....ooo...........x@o.....ooxxxxo   .oxxxxxxxxxxooooooo.... 
    . .oooo@@@@@@@@@@@@@@@@@@@@@@@@@@@@@@....ooooox.     .oxx@@@@@xxoo........ 
      .ooooxxxxxxxooooooxooooooooooooooxo...oooooxx.        ..ox@xxxoo.........
      .ooooooxxxx@xoooooooooooooxxoooooooooooxxxxx.            .oxxooooooooxxo.
     .oooooxxxxx@@@xxxxxxxxxxxxxxxxxxxxxxxxoxxxxo.                .oxxxxxxxxo. 
   ....oooxxxxx@@@xo..oxxx@@@@@@xxxxoxxoooooooxx.                  .oxxxoo..   
  .....ooxxxx@@xo.       ........    .ooooooooxxo                              
  ..oooxxxx@@@o                       .oooooooxoo.                             
  ....oxooxxxxx.                       .ooo..oooo.                             
  .....o.ooxxxxxo.                     .oooooooxo.                             
 ......ooooxxxxxxo.                     .ooooooxoo..                           
........ooxxxxxxxo..                     .o....oxoo...                         
.......ooooxxxxxxxo.                     ........oooo.                         
.ooooooo..ooxxxxoooo.                    .........ooo...                       
..oxo...ooooxxxoooo..                    .ooo......oooo...                     
  .ooooo....o.                            .oxxxoo....ooo....                   
    .oooooo...                              ...ooooo...ooo..                   
       ...                                     .oo.......                      
                                               ....ooo...                      
                      __              __                                       
 ______              [  |            [  |                 ._____  _          _ 
|_   _ \              | |  _          | |                /  ___ \| |        | |
  | |_) | .---.  _. _.| | / |  .---.  | | .---.  _    _ / /    \_|\ \  /\  / / 
  |  __'./ /__\\[ /`\_| '' <  / /__\\ | |/ /__\\| \  | | |   _____ \ \/  \/ /  
 _| |__| | \__. | |   | |`\ \ | \___. | || \___. \ \/ / \ \.___| |  \  /\  /   
|_______/ \.__./[_]  [__|  \_] \.__./[___]\.__./  \  /   \.____./    \/  \/    
                                                  / /                          
                                                 /_/                           
 --------------------------------------------------------------------------------
 Please cite the main BerkeleyGW paper when using results from this calculation:

 Jack Deslippe, Georgy Samsonidze, David A. Strubbe, Manish Jain, Marvin L.
 Cohen, and Steven G. Louie, "BerkeleyGW: A Massively Parallel Computer Package
 for the Calculation of the Quasiparticle and Optical Properties of Materials
 and Nanostructures," Comput. Phys. Commun. 183, 1269 (2012)

 Aditionally, PLEASE CITE ALL PAPERS REPORTED AT THE END OF THIS CALCULATION.
 --------------------------------------------------------------------------------

 Running MPI version (parallel)
 Running with 16 MPI task(s)
 Using OpenMP. Number of threads per MPI task: 2
 Number of threads used for sorting routines: 1

 Compilation flags:
 - Compiler: GNU
 - Para. flags: MPI, OMP
 - Math  flags: USESCALAPACK, UNPACKED, USEFFTW3, HDF5
 - Debug flags: 

 Running with verbosity level 1 (default).

 Using the Generalized Plasmon Pole model

 We are communicating via MPI

 Computing CH as a partial sum over empty bands with the static remainder

 Running with semiconductor screening

 We are using a truncated Coulomb interaction: cell slab
 Cutoff for Monte-Carlo average of Coulomb potential: 1.000E-012 Ry

 Reading exchange-correlation matrix elements from vxc.dat file

 Treating W within the Hybertsen-Louie Generalized Plasmon Pole model

 Memory available: 30315.2 MB per PE

 Read from eps0mat.h5:
 - Number of G-vectors in the charge-density grid: 28615
 - Max. number of G-vectors for dielectric matrices: 303
 - Cutoff of the dielectric matrix (Ry): 9.000
 - Number of imaginary frequencies: 0
 - Total number of frequencies: 1
 - Frequency dependence: 0
 - Number of q-points: 1
 - Q grid: 3 3 1

 Read from epsmat.h5:
 - Number of G-vectors in the charge-density grid: 28615
 - Max. number of G-vectors for dielectric matrices: 329
 - Cutoff of the dielectric matrix: 9.000
 - Number of imaginary frequencies: 0
 - Total number of frequencies: 1
 - Frequency dependence: 0
 - Number of q-points: 3
 - Q grid: 3 3 1

 Reading header of WFN_inner
 Highest occupied band (unshifted grid) = 26
 Valence max    (unshifted grid) = 2.591574 eV
 Conduction min (unshifted grid) = 4.257396 eV
 Middle energy  (unshifted grid) = 3.424485 eV
 Fermi  energy  (unshifted grid) = 3.424485 eV


 Calculation parameters:
 - Cutoff of the bare Coulomb interaction (Ry): 45.00
 - Cutoff of the screened Coulomb interaction (Ry): 9.00
 - Number of G-vectors up to the bare int. cutoff: 3577
 - Number of G-vectors up to the screened int. cutoff: 303
 - Total number of bands in the calculation: 199
 - Number of fully occupied valence bands: 26
 - Number of partially occ. conduction bands: 0

 Memory required for execution: 23.1 MB per PE
 Memory required for vcoul: 114.4 MB per PE

WARNING: Selected number of bands for CH sum (number_bands) breaks degenerate subspace. Run degeneracy_check.x for allowable numbers.

 Number of electrons per unit cell (from ifmax) = 26.000000
 Number of electrons per unit cell (from occupations) = 26.000000
 Plasma Frequency = 1.364240 Ry

 Q-grid symmetries are being used.

 Parallelization report:
 - Using 16 processor(s), 2 pool(s), 8 processor(s) per pool.
 - Each pool is computing 20 diagonal sigma matrix element(s).
 - Each pool is computing 0 off-diagonal sigma matrix element(s).
 - Each pool is holding 24 to 25 band(s).
 - Note: distribution is not ideal because the total number of bands
   (199) is not divisible by the number of processors per pool (8).


 Started reading wavefunctions (WFN_inner) with 796 state(s) at 15:29:08.
 [ 15:29:08 |   0% ] state   1 / 796.
 [ 15:29:08 |   0% ] state   3 / 796, remaining: 0 s.
 [ 15:29:08 |  10% ] state  80 / 796, remaining: 0 s.
 [ 15:29:08 |  20% ] state 160 / 796, remaining: 0 s.
 [ 15:29:08 |  30% ] state 239 / 796, remaining: 0 s.
 [ 15:29:08 |  40% ] state 319 / 796, remaining: 0 s.
 [ 15:29:08 |  50% ] state 398 / 796, remaining: 0 s.
 [ 15:29:08 |  60% ] state 478 / 796, remaining: 0 s.
 [ 15:29:08 |  70% ] state 558 / 796, remaining: 0 s.
 [ 15:29:08 |  80% ] state 637 / 796, remaining: 0 s.
 [ 15:29:08 |  90% ] state 717 / 796, remaining: 0 s.
 [ 15:29:08 | 100% ] state 796 / 796, remaining: 0 s.
 Finished reading wavefunctions (WFN_inner) at 15:29:08.
 Elapsed time: 0 s.


 Scissors parameters:
 - Valence:    es =   0.0000 eV, e0 =   0.0000 eV, edel =   0.0000
 - Conduction: es =   0.0000 eV, e0 =   0.0000 eV, edel =   0.0000

 Scissors parameters (outer):
 - Valence:    es =   0.0000 eV, e0 =   0.0000 eV, edel =   0.0000
 - Conduction: es =   0.0000 eV, e0 =   0.0000 eV, edel =   0.0000


 Data for sum rule:
 - rho(0,1) = 26.000000 electrons
 - wp = 18.561432 eV

 Number of bands to compute diagonal self-energy matrix elements: 40
 Bands:
 - 1
 - 2
 - 3
 - 4
 - 5
 - 6
 - 7
 - 8
 - 9
 - 10
 - 11
 - 12
 - 13
 - 14
 - 15
 - 16
 - 17
 - 18
 - 19
 - 20
 - 21
 - 22
 - 23
 - 24
 - 25
 - 26
 - 27
 - 28
 - 29
 - 30
 - 31
 - 32
 - 33
 - 34
 - 35
 - 36
 - 37
 - 38
 - 39
 - 40
 Number of off-diagonal bands to compute self-energy matrix elements: 0

 GPU acceleration is : DISABLED

 Algorithms used:
 - mtxel     : CPU_ALGO
 - sigma_gpp : CPU_ALGO

 Total number of frequencies in the dielectric matrix: 1
 Number of imag. frequencies in the dielectric matrix: 0


 Started reading eps0mat.h5 with 1 q-point(s) at 15:29:08.
 [ 15:29:08 |   0% ] q-point 1 / 1.
 Finished reading eps0mat.h5 at 15:29:08.
 Elapsed time: 0 s.


 Started reading epsmat.h5 with 3 q-point(s) at 15:29:08.
 [ 15:29:08 |   0% ] q-point 1 / 3.
 [ 15:29:08 |  33% ] q-point 2 / 3.
 [ 15:29:08 |  67% ] q-point 3 / 3, remaining: 0 s.
 Finished reading epsmat.h5 at 15:29:08.
 Elapsed time: 0 s.

 Number of k-points in WFN_inner: 4
 Number of k-points in the full BZ of WFN_inner: 9

================================================================================
 15:29:09   Dealing with k =  0.000000  0.000000  0.000000                 1 / 4
================================================================================

 Reading vxc.dat
 Number of q-points in the irreducible BZ(k) (nrq): 4

 Started calculating Sigma with 80 block(s) at 15:29:09.
 [ 15:29:09 |   0% ] block  1 / 80.
 [ 15:29:09 |   3% ] block  3 / 80, remaining: 7 s.
 [ 15:29:10 |   9% ] block  8 / 80, remaining: 7 s.
 [ 15:29:11 |  19% ] block 16 / 80, remaining: 6 s.
 [ 15:29:11 |  29% ] block 24 / 80, remaining: 5 s.
 [ 15:29:12 |  39% ] block 32 / 80, remaining: 4 s.
 [ 15:29:13 |  49% ] block 40 / 80, remaining: 4 s.
 [ 15:29:13 |  59% ] block 48 / 80, remaining: 3 s.
 [ 15:29:14 |  69% ] block 56 / 80, remaining: 2 s.
 [ 15:29:15 |  79% ] block 64 / 80, remaining: 2 s.
 [ 15:29:16 |  89% ] block 72 / 80, remaining: 1 s.
 [ 15:29:16 |  99% ] block 80 / 80, remaining: 0 s.
 Finished calculating Sigma at 15:29:16.
 Elapsed time: 8 s.

 Unsymmetrized values for ik =   1 spin = 1

     n      Emf       Eo      Vxc        X     SX-X       CH      Cor      Sig
     1  -58.285  -58.285  -24.226  -41.070   27.570  -12.199   15.372  -25.698
     2  -58.285  -58.285  -24.226  -41.070   27.570  -12.199   15.371  -25.699
     3  -34.026  -34.026  -22.900  -33.832   22.490  -13.195    9.295  -24.537
     4  -34.026  -34.026  -22.900  -33.846   22.494  -13.196    9.298  -24.548
     5  -31.620  -31.620  -22.513  -33.277   22.730  -13.332    9.398  -23.879
     6  -31.620  -31.620  -22.513  -33.180   22.674  -13.335    9.340  -23.841
     7  -31.405  -31.405  -22.694  -33.411   22.587  -13.281    9.305  -24.106
     8  -31.405  -31.405  -22.694  -33.157   22.434  -13.289    9.145  -24.012
     9  -11.676  -11.676  -13.571  -22.464   16.095   -9.429    6.666  -15.798
    10  -11.676  -11.676  -13.571  -22.465   16.094   -9.427    6.667  -15.798
    11  -10.441  -10.441  -13.842  -22.222   15.828   -9.721    6.108  -16.114
    12  -10.441  -10.441  -13.842  -22.222   15.829   -9.721    6.108  -16.114
    13   -3.167   -3.167  -12.806  -18.083   12.713   -9.476    3.237  -14.846
    14   -3.167   -3.167  -12.806  -18.083   12.712   -9.475    3.237  -14.846
    15   -0.039   -0.039  -15.533  -18.770   11.749  -10.100    1.649  -17.121
    16   -0.039   -0.039  -15.533  -18.949   11.921  -10.096    1.825  -17.124
    17    0.024    0.024  -15.404  -18.783   12.079  -10.315    1.764  -17.020
    18    0.024    0.024  -15.404  -18.627   11.927  -10.317    1.610  -17.017
    19    0.548    0.548  -12.355  -16.260   11.023   -9.151    1.872  -14.388
    20    0.548    0.548  -12.355  -16.262   11.024   -9.150    1.874  -14.388
    21    1.008    1.008  -15.902  -18.500   12.327  -11.346    0.981  -17.519
    22    1.008    1.008  -15.902  -18.491   12.183  -11.222    0.960  -17.530
    23    1.094    1.094  -15.865  -18.397   12.242  -11.328    0.914  -17.483
    24    1.094    1.094  -15.865  -18.392   12.139  -11.238    0.901  -17.491
    25    2.332    2.332  -15.049  -16.699   10.051   -9.782    0.270  -16.429
    26    2.332    2.332  -15.049  -16.697   10.044   -9.775    0.269  -16.429
    27    5.209    5.209  -15.520  -10.852    5.942  -10.451   -4.509  -15.361
    28    5.209    5.209  -15.520  -10.861    5.928  -10.436   -4.507  -15.368
    29    5.287    5.287  -15.486  -10.836    5.578  -10.098   -4.520  -15.356
    30    5.287    5.287  -15.486  -10.765    5.599  -10.149   -4.551  -15.316
    31    5.452    5.452  -15.448  -10.786    5.953  -10.520   -4.567  -15.353
    32    5.452    5.452  -15.448  -11.094    6.167  -10.464   -4.297  -15.392
    33    5.454    5.454  -15.436  -10.910    5.948  -10.398   -4.450  -15.360
    34    5.454    5.454  -15.436  -10.991    6.017  -10.398   -4.380  -15.371
    35    7.571    7.571   -3.369   -1.415    0.726   -3.833   -3.107   -4.522
    36    7.571    7.571   -3.369   -1.415    0.726   -3.834   -3.107   -4.522
    37    8.897    8.897  -10.826   -5.821    3.320   -8.525   -5.204  -11.025
    38    8.897    8.897  -10.826   -5.820    3.318   -8.524   -5.205  -11.025
    39    8.915    8.915   -3.941   -1.508    0.864   -4.165   -3.300   -4.808
    40    8.915    8.915   -3.941   -1.508    0.866   -4.166   -3.300   -4.808

 Symmetrized values from band-averaging:

       k =  0.000000  0.000000  0.000000 ik =   1 spin = 1

     n      Emf       Eo      Vxc        X      Cor     Eqp0     Eqp1      Znk
     1  -58.285  -58.285  -24.226  -41.070   15.371  -59.757  -59.388    0.749
     2  -58.285  -58.285  -24.226  -41.070   15.371  -59.757  -59.388    0.749
     3  -34.026  -34.026  -22.900  -33.839    9.296  -35.669  -35.429    0.854
     4  -34.026  -34.026  -22.900  -33.839    9.296  -35.669  -35.429    0.854
     5  -31.620  -31.620  -22.513  -33.229    9.369  -32.967  -32.862    0.922
     6  -31.620  -31.620  -22.513  -33.229    9.369  -32.967  -32.862    0.922
     7  -31.405  -31.405  -22.694  -33.284    9.225  -32.770  -32.493    0.797
     8  -31.405  -31.405  -22.694  -33.284    9.225  -32.770  -32.493    0.797
     9  -11.676  -11.676  -13.571  -22.465    6.666  -13.903  -13.384    0.767
    10  -11.676  -11.676  -13.571  -22.465    6.666  -13.903  -13.384    0.767
    11  -10.441  -10.441  -13.842  -22.222    6.108  -12.714  -12.203    0.775
    12  -10.441  -10.441  -13.842  -22.222    6.108  -12.714  -12.203    0.775
    13   -3.167   -3.167  -12.806  -18.083    3.237   -5.208   -4.805    0.803
    14   -3.167   -3.167  -12.806  -18.083    3.237   -5.208   -4.805    0.803
    15   -0.039   -0.039  -15.533  -18.859    1.737   -1.628   -1.328    0.811
    16   -0.039   -0.039  -15.533  -18.859    1.737   -1.628   -1.328    0.811
    17    0.024    0.024  -15.404  -18.705    1.687   -1.590   -1.287    0.812
    18    0.024    0.024  -15.404  -18.705    1.687   -1.590   -1.287    0.812
    19    0.548    0.548  -12.355  -16.261    1.873   -1.485   -1.133    0.827
    20    0.548    0.548  -12.355  -16.261    1.873   -1.485   -1.133    0.827
    21    1.008    1.008  -15.902  -18.495    0.971   -0.614   -0.321    0.820
    22    1.008    1.008  -15.902  -18.495    0.971   -0.614   -0.321    0.820
    23    1.094    1.094  -15.865  -18.394    0.907   -0.528   -0.236    0.820
    24    1.094    1.094  -15.865  -18.394    0.907   -0.528   -0.236    0.820
    25    2.332    2.332  -15.049  -16.698    0.269    0.952    1.194    0.824
    26    2.332    2.332  -15.049  -16.698    0.269    0.952    1.194    0.824
    27    5.209    5.209  -15.520  -10.856   -4.508    5.364    5.336    0.819
    28    5.209    5.209  -15.520  -10.856   -4.508    5.364    5.336    0.819
    29    5.287    5.287  -15.486  -10.800   -4.535    5.437    5.409    0.818
    30    5.287    5.287  -15.486  -10.800   -4.535    5.437    5.409    0.818
    31    5.452    5.452  -15.448  -10.940   -4.432    5.528    5.514    0.815
    32    5.452    5.452  -15.448  -10.940   -4.432    5.528    5.514    0.815
    33    5.454    5.454  -15.436  -10.951   -4.415    5.524    5.511    0.816
    34    5.454    5.454  -15.436  -10.951   -4.415    5.524    5.511    0.816
    35    7.571    7.571   -3.369   -1.415   -3.107    6.418    6.554    0.882
    36    7.571    7.571   -3.369   -1.415   -3.107    6.418    6.554    0.882
    37    8.897    8.897  -10.826   -5.821   -5.205    8.697    8.731    0.830
    38    8.897    8.897  -10.826   -5.821   -5.205    8.697    8.731    0.830
    39    8.915    8.915   -3.941   -1.508   -3.300    8.049    8.159    0.873
    40    8.915    8.915   -3.941   -1.508   -3.300    8.049    8.159    0.873

================================================================================
 15:29:16   Dealing with k =  0.000000  0.333333  0.000000                 2 / 4
================================================================================

 Reading vxc.dat
 Number of q-points in the irreducible BZ(k) (nrq): 6

 Started calculating Sigma with 120 block(s) at 15:29:16.
 [ 15:29:16 |   0% ] block   1 / 120.
 [ 15:29:17 |   2% ] block   3 / 120, remaining: 11 s.
 [ 15:29:17 |   9% ] block  12 / 120, remaining: 10 s.
 [ 15:29:18 |  19% ] block  24 / 120, remaining: 9 s.
 [ 15:29:20 |  29% ] block  36 / 120, remaining: 8 s.
 [ 15:29:21 |  39% ] block  48 / 120, remaining: 7 s.
 [ 15:29:22 |  49% ] block  60 / 120, remaining: 5 s.
 [ 15:29:23 |  59% ] block  72 / 120, remaining: 4 s.
 [ 15:29:24 |  69% ] block  84 / 120, remaining: 3 s.
 [ 15:29:25 |  79% ] block  96 / 120, remaining: 2 s.
 [ 15:29:26 |  89% ] block 108 / 120, remaining: 1 s.
 [ 15:29:27 |  99% ] block 120 / 120, remaining: 0 s.
 Finished calculating Sigma at 15:29:27.
 Elapsed time: 11 s.

 Unsymmetrized values for ik =   2 spin = 1

     n      Emf       Eo      Vxc        X     SX-X       CH      Cor      Sig
     1  -58.255  -58.255  -24.252  -41.071   27.604  -12.211   15.393  -25.678
     2  -58.255  -58.255  -24.252  -41.071   27.599  -12.211   15.388  -25.683
     3  -34.108  -34.108  -22.832  -33.743   22.369  -13.150    9.218  -24.524
     4  -34.108  -34.108  -22.832  -33.959   22.535  -13.164    9.371  -24.588
     5  -31.701  -31.701  -22.431  -33.241   22.623  -13.124    9.499  -23.742
     6  -31.701  -31.701  -22.431  -33.238   22.621  -13.124    9.497  -23.741
     7  -31.548  -31.548  -22.574  -33.218   22.442  -13.176    9.266  -23.952
     8  -31.548  -31.548  -22.574  -33.304   22.486  -13.173    9.312  -23.992
     9  -10.341  -10.341  -14.089  -22.398   15.985   -9.858    6.128  -16.270
    10  -10.341  -10.341  -14.089  -22.397   15.978   -9.852    6.126  -16.270
    11   -9.868   -9.868  -14.164  -22.328   15.954   -9.974    5.980  -16.348
    12   -9.868   -9.868  -14.164  -22.328   15.954   -9.974    5.980  -16.348
    13   -2.758   -2.758  -13.397  -18.288   12.570   -9.669    2.902  -15.387
    14   -2.758   -2.758  -13.397  -18.297   12.563   -9.652    2.911  -15.386
    15   -1.778   -1.778  -13.414  -17.748   12.295   -9.989    2.306  -15.442
    16   -1.778   -1.778  -13.414  -17.748   12.294   -9.987    2.307  -15.442
    17   -1.447   -1.447  -13.235  -17.697   12.129   -9.712    2.417  -15.280
    18   -1.447   -1.447  -13.235  -17.703   12.146   -9.724    2.422  -15.281
    19   -0.324   -0.324  -15.177  -18.650   12.686  -10.985    1.701  -16.949
    20   -0.324   -0.324  -15.177  -18.639   12.696  -11.003    1.693  -16.947
    21    0.715    0.715  -13.353  -17.019   11.460   -9.772    1.688  -15.331
    22    0.715    0.715  -13.353  -17.021   11.461   -9.771    1.690  -15.332
    23    1.191    1.191  -14.693  -17.772   11.965  -10.684    1.281  -16.491
    24    1.191    1.191  -14.693  -17.774   11.969  -10.688    1.281  -16.493
    25    1.490    1.490  -14.977  -17.186   11.478  -10.757    0.720  -16.466
    26    1.490    1.490  -14.977  -17.175   11.533  -10.815    0.718  -16.457
    27    4.718    4.718  -16.576  -12.007    5.929  -10.176   -4.247  -16.254
    28    4.718    4.718  -16.576  -11.598    5.649  -10.265   -4.616  -16.214
    29    4.802    4.802  -16.250  -11.311    5.869  -10.476   -4.607  -15.918
    30    4.802    4.802  -16.250  -11.598    6.015  -10.362   -4.347  -15.945
    31    5.862    5.862  -15.437  -10.275    5.184  -10.090   -4.906  -15.181
    32    5.862    5.862  -15.437  -10.267    5.216  -10.129   -4.913  -15.180
    33    6.528    6.528  -16.390  -11.052    6.313  -11.302   -4.988  -16.040
    34    6.528    6.528  -16.390  -11.047    6.317  -11.310   -4.993  -16.040
    35    9.472    9.472   -4.561   -1.920    0.991   -4.546   -3.556   -5.476
    36    9.472    9.472   -4.561   -1.918    0.990   -4.547   -3.557   -5.475
    37   10.259   10.259   -7.277   -3.357    1.847   -6.209   -4.361   -7.718
    38   10.259   10.259   -7.277   -3.357    1.850   -6.212   -4.361   -7.718
    39   10.323   10.323  -11.960   -6.380    2.976   -8.577   -5.601  -11.981
    40   10.323   10.323  -11.960   -6.379    2.977   -8.579   -5.602  -11.980

 Symmetrized values from band-averaging:

       k =  0.000000  0.333333  0.000000 ik =   2 spin = 1

     n      Emf       Eo      Vxc        X      Cor     Eqp0     Eqp1      Znk
     1  -58.255  -58.255  -24.252  -41.071   15.390  -59.684  -59.365    0.777
     2  -58.255  -58.255  -24.252  -41.071   15.390  -59.684  -59.365    0.777
     3  -34.108  -34.108  -22.832  -33.851    9.295  -35.832  -35.605    0.868
     4  -34.108  -34.108  -22.832  -33.851    9.295  -35.832  -35.605    0.868
     5  -31.701  -31.701  -22.431  -33.240    9.498  -33.011  -32.778    0.822
     6  -31.701  -31.701  -22.431  -33.240    9.498  -33.011  -32.778    0.822
     7  -31.548  -31.548  -22.574  -33.261    9.289  -32.945  -32.742    0.854
     8  -31.548  -31.548  -22.574  -33.261    9.289  -32.945  -32.742    0.854
     9  -10.341  -10.341  -14.089  -22.397    6.127  -12.522  -12.003    0.762
    10  -10.341  -10.341  -14.089  -22.397    6.127  -12.522  -12.003    0.762
    11   -9.868   -9.868  -14.164  -22.328    5.980  -12.053  -11.565    0.777
    12   -9.868   -9.868  -14.164  -22.328    5.980  -12.053  -11.565    0.777
    13   -2.758   -2.758  -13.397  -18.293    2.906   -4.748   -4.362    0.806
    14   -2.758   -2.758  -13.397  -18.293    2.906   -4.748   -4.362    0.806
    15   -1.778   -1.778  -13.414  -17.748    2.307   -3.806   -3.432    0.816
    16   -1.778   -1.778  -13.414  -17.748    2.307   -3.806   -3.432    0.816
    17   -1.447   -1.447  -13.235  -17.700    2.420   -3.492   -3.112    0.814
    18   -1.447   -1.447  -13.235  -17.700    2.420   -3.492   -3.112    0.814
    19   -0.324   -0.324  -15.177  -18.645    1.697   -2.095   -1.770    0.816
    20   -0.324   -0.324  -15.177  -18.645    1.697   -2.095   -1.770    0.816
    21    0.715    0.715  -13.353  -17.020    1.689   -1.263   -0.917    0.825
    22    0.715    0.715  -13.353  -17.020    1.689   -1.263   -0.917    0.825
    23    1.191    1.191  -14.693  -17.773    1.281   -0.608   -0.284    0.820
    24    1.191    1.191  -14.693  -17.773    1.281   -0.608   -0.284    0.820
    25    1.490    1.490  -14.977  -17.181    0.719    0.005    0.273    0.819
    26    1.490    1.490  -14.977  -17.181    0.719    0.005    0.273    0.819
    27    4.718    4.718  -16.576  -11.802   -4.431    5.060    4.996    0.815
    28    4.718    4.718  -16.576  -11.802   -4.431    5.060    4.996    0.815
    29    4.802    4.802  -16.250  -11.455   -4.477    5.121    5.062    0.816
    30    4.802    4.802  -16.250  -11.455   -4.477    5.121    5.062    0.816
    31    5.862    5.862  -15.437  -10.271   -4.910    6.118    6.072    0.821
    32    5.862    5.862  -15.437  -10.271   -4.910    6.118    6.072    0.821
    33    6.528    6.528  -16.390  -11.049   -4.991    6.878    6.813    0.815
    34    6.528    6.528  -16.390  -11.049   -4.991    6.878    6.813    0.815
    35    9.472    9.472   -4.561   -1.919   -3.556    8.558    8.676    0.871
    36    9.472    9.472   -4.561   -1.919   -3.556    8.558    8.676    0.871
    37   10.259   10.259   -7.277   -3.357   -4.361    9.817    9.883    0.852
    38   10.259   10.259   -7.277   -3.357   -4.361    9.817    9.883    0.852
    39   10.323   10.323  -11.960   -6.379   -5.601   10.302   10.306    0.827
    40   10.323   10.323  -11.960   -6.379   -5.601   10.302   10.306    0.827

================================================================================
 15:29:27   Dealing with k =  0.000000  0.666667  0.000000                 3 / 4
================================================================================

 Reading vxc.dat
 Number of q-points in the irreducible BZ(k) (nrq): 6

 Started calculating Sigma with 120 block(s) at 15:29:27.
 [ 15:29:27 |   0% ] block   1 / 120.
 [ 15:29:27 |   2% ] block   3 / 120, remaining: 11 s.
 [ 15:29:28 |   9% ] block  12 / 120, remaining: 10 s.
 [ 15:29:29 |  19% ] block  24 / 120, remaining: 9 s.
 [ 15:29:30 |  29% ] block  36 / 120, remaining: 8 s.
 [ 15:29:31 |  39% ] block  48 / 120, remaining: 7 s.
 [ 15:29:32 |  49% ] block  60 / 120, remaining: 5 s.
 [ 15:29:33 |  59% ] block  72 / 120, remaining: 4 s.
 [ 15:29:35 |  69% ] block  84 / 120, remaining: 3 s.
 [ 15:29:36 |  79% ] block  96 / 120, remaining: 2 s.
 [ 15:29:37 |  89% ] block 108 / 120, remaining: 1 s.
 [ 15:29:38 |  99% ] block 120 / 120, remaining: 0 s.
 Finished calculating Sigma at 15:29:38.
 Elapsed time: 11 s.

 Unsymmetrized values for ik =   3 spin = 1

     n      Emf       Eo      Vxc        X     SX-X       CH      Cor      Sig
     1  -58.255  -58.255  -24.252  -41.072   27.605  -12.211   15.394  -25.677
     2  -58.255  -58.255  -24.252  -41.070   27.598  -12.211   15.387  -25.684
     3  -34.108  -34.108  -22.832  -33.754   22.409  -13.163    9.246  -24.508
     4  -34.108  -34.108  -22.832  -33.948   22.495  -13.151    9.344  -24.604
     5  -31.701  -31.701  -22.431  -33.219   22.613  -13.123    9.490  -23.730
     6  -31.701  -31.701  -22.431  -33.260   22.630  -13.124    9.506  -23.753
     7  -31.548  -31.548  -22.574  -33.200   22.443  -13.173    9.271  -23.929
     8  -31.548  -31.548  -22.574  -33.323   22.484  -13.176    9.308  -24.015
     9  -10.341  -10.341  -14.089  -22.397   15.983   -9.857    6.127  -16.270
    10  -10.341  -10.341  -14.089  -22.397   15.979   -9.852    6.127  -16.270
    11   -9.868   -9.868  -14.164  -22.328   15.954   -9.974    5.980  -16.349
    12   -9.868   -9.868  -14.164  -22.328   15.954   -9.974    5.980  -16.348
    13   -2.758   -2.758  -13.397  -18.292   12.569   -9.663    2.905  -15.386
    14   -2.758   -2.758  -13.397  -18.294   12.565   -9.657    2.907  -15.386
    15   -1.778   -1.778  -13.414  -17.750   12.293   -9.986    2.307  -15.442
    16   -1.778   -1.778  -13.414  -17.747   12.295   -9.989    2.306  -15.441
    17   -1.447   -1.447  -13.235  -17.699   12.140   -9.722    2.419  -15.280
    18   -1.447   -1.447  -13.235  -17.700   12.136   -9.715    2.421  -15.280
    19   -0.324   -0.324  -15.177  -18.645   12.691  -10.994    1.697  -16.948
    20   -0.324   -0.324  -15.177  -18.644   12.691  -10.995    1.697  -16.948
    21    0.715    0.715  -13.353  -17.022   11.461   -9.771    1.690  -15.332
    22    0.715    0.715  -13.353  -17.019   11.461   -9.773    1.688  -15.331
    23    1.191    1.191  -14.693  -17.785   11.974  -10.683    1.291  -16.494
    24    1.191    1.191  -14.693  -17.761   11.959  -10.688    1.271  -16.490
    25    1.490    1.490  -14.977  -17.142   11.462  -10.774    0.688  -16.454
    26    1.490    1.490  -14.977  -17.219   11.540  -10.790    0.751  -16.468
    27    4.718    4.718  -16.576  -11.800    5.788  -10.221   -4.433  -16.234
    28    4.718    4.718  -16.576  -11.804    5.790  -10.220   -4.429  -16.234
    29    4.802    4.802  -16.250  -11.702    6.148  -10.395   -4.247  -15.949
    30    4.802    4.802  -16.250  -11.207    5.736  -10.443   -4.707  -15.914
    31    5.862    5.862  -15.437  -10.271    5.200  -10.110   -4.910  -15.181
    32    5.862    5.862  -15.437  -10.271    5.197  -10.107   -4.910  -15.181
    33    6.528    6.528  -16.390  -11.049    6.308  -11.299   -4.991  -16.040
    34    6.528    6.528  -16.390  -11.049    6.322  -11.312   -4.991  -16.040
    35    9.472    9.472   -4.561   -1.919    0.991   -4.548   -3.556   -5.475
    36    9.472    9.472   -4.561   -1.919    0.992   -4.548   -3.556   -5.475
    37   10.259   10.259   -7.277   -3.357    1.848   -6.210   -4.361   -7.718
    38   10.259   10.259   -7.277   -3.357    1.849   -6.210   -4.361   -7.718
    39   10.323   10.323  -11.960   -6.378    2.987   -8.589   -5.602  -11.980
    40   10.323   10.323  -11.960   -6.380    2.968   -8.568   -5.600  -11.981

 Symmetrized values from band-averaging:

       k =  0.000000  0.666667  0.000000 ik =   3 spin = 1

     n      Emf       Eo      Vxc        X      Cor     Eqp0     Eqp1      Znk
     1  -58.255  -58.255  -24.252  -41.071   15.390  -59.684  -59.365    0.777
     2  -58.255  -58.255  -24.252  -41.071   15.390  -59.684  -59.365    0.777
     3  -34.108  -34.108  -22.832  -33.851    9.295  -35.832  -35.605    0.868
     4  -34.108  -34.108  -22.832  -33.851    9.295  -35.832  -35.605    0.868
     5  -31.701  -31.701  -22.431  -33.240    9.498  -33.011  -32.778    0.822
     6  -31.701  -31.701  -22.431  -33.240    9.498  -33.011  -32.778    0.822
     7  -31.548  -31.548  -22.574  -33.261    9.289  -32.945  -32.742    0.855
     8  -31.548  -31.548  -22.574  -33.261    9.289  -32.945  -32.742    0.855
     9  -10.341  -10.341  -14.089  -22.397    6.127  -12.522  -12.003    0.762
    10  -10.341  -10.341  -14.089  -22.397    6.127  -12.522  -12.003    0.762
    11   -9.868   -9.868  -14.164  -22.328    5.980  -12.053  -11.565    0.777
    12   -9.868   -9.868  -14.164  -22.328    5.980  -12.053  -11.565    0.777
    13   -2.758   -2.758  -13.397  -18.293    2.906   -4.748   -4.362    0.806
    14   -2.758   -2.758  -13.397  -18.293    2.906   -4.748   -4.362    0.806
    15   -1.778   -1.778  -13.414  -17.748    2.307   -3.806   -3.432    0.816
    16   -1.778   -1.778  -13.414  -17.748    2.307   -3.806   -3.432    0.816
    17   -1.447   -1.447  -13.235  -17.700    2.420   -3.492   -3.112    0.814
    18   -1.447   -1.447  -13.235  -17.700    2.420   -3.492   -3.112    0.814
    19   -0.324   -0.324  -15.177  -18.645    1.697   -2.095   -1.770    0.816
    20   -0.324   -0.324  -15.177  -18.645    1.697   -2.095   -1.770    0.816
    21    0.715    0.715  -13.353  -17.020    1.689   -1.263   -0.917    0.825
    22    0.715    0.715  -13.353  -17.020    1.689   -1.263   -0.917    0.825
    23    1.191    1.191  -14.693  -17.773    1.281   -0.608   -0.284    0.820
    24    1.191    1.191  -14.693  -17.773    1.281   -0.608   -0.284    0.820
    25    1.490    1.490  -14.977  -17.181    0.719    0.005    0.273    0.819
    26    1.490    1.490  -14.977  -17.181    0.719    0.005    0.273    0.819
    27    4.718    4.718  -16.576  -11.802   -4.431    5.060    4.996    0.815
    28    4.718    4.718  -16.576  -11.802   -4.431    5.060    4.996    0.815
    29    4.802    4.802  -16.250  -11.455   -4.477    5.121    5.062    0.816
    30    4.802    4.802  -16.250  -11.455   -4.477    5.121    5.062    0.816
    31    5.862    5.862  -15.437  -10.271   -4.910    6.118    6.072    0.821
    32    5.862    5.862  -15.437  -10.271   -4.910    6.118    6.072    0.821
    33    6.528    6.528  -16.390  -11.049   -4.991    6.878    6.813    0.815
    34    6.528    6.528  -16.390  -11.049   -4.991    6.878    6.813    0.815
    35    9.472    9.472   -4.561   -1.919   -3.556    8.558    8.676    0.871
    36    9.472    9.472   -4.561   -1.919   -3.556    8.558    8.676    0.871
    37   10.259   10.259   -7.277   -3.357   -4.361    9.817    9.883    0.852
    38   10.259   10.259   -7.277   -3.357   -4.361    9.817    9.883    0.852
    39   10.323   10.323  -11.960   -6.379   -5.601   10.302   10.306    0.827
    40   10.323   10.323  -11.960   -6.379   -5.601   10.302   10.306    0.827

================================================================================
 15:29:38   Dealing with k =  0.333333  0.333333  0.000000                 4 / 4
================================================================================

 Reading vxc.dat
 Number of q-points in the irreducible BZ(k) (nrq): 5

 Started calculating Sigma with 100 block(s) at 15:29:38.
 [ 15:29:38 |   0% ] block   1 / 100.
 [ 15:29:38 |   2% ] block   3 / 100, remaining: 9 s.
 [ 15:29:39 |   9% ] block  10 / 100, remaining: 8 s.
 [ 15:29:40 |  19% ] block  20 / 100, remaining: 7 s.
 [ 15:29:40 |  29% ] block  30 / 100, remaining: 6 s.
 [ 15:29:41 |  39% ] block  40 / 100, remaining: 5 s.
 [ 15:29:42 |  49% ] block  50 / 100, remaining: 5 s.
 [ 15:29:43 |  59% ] block  60 / 100, remaining: 4 s.
 [ 15:29:44 |  69% ] block  70 / 100, remaining: 3 s.
 [ 15:29:45 |  79% ] block  80 / 100, remaining: 2 s.
 [ 15:29:46 |  89% ] block  90 / 100, remaining: 1 s.
 [ 15:29:47 |  99% ] block 100 / 100, remaining: 0 s.
 Finished calculating Sigma at 15:29:47.
 Elapsed time: 9 s.

 Unsymmetrized values for ik =   4 spin = 1

     n      Emf       Eo      Vxc        X     SX-X       CH      Cor      Sig
     1  -58.240  -58.240  -24.265  -41.072   27.587  -12.218   15.369  -25.702
     2  -58.240  -58.240  -24.265  -41.072   27.594  -12.218   15.376  -25.695
     3  -34.160  -34.160  -22.789  -33.828   22.565  -13.128    9.437  -24.391
     4  -34.137  -34.137  -22.812  -33.876   22.275  -13.143    9.131  -24.745
     5  -31.724  -31.724  -22.397  -33.221   22.462  -12.755    9.708  -23.513
     6  -31.676  -31.676  -22.446  -33.298   22.174  -12.834    9.340  -23.958
     7  -31.669  -31.669  -22.475  -33.215   22.711  -13.324    9.387  -23.828
     8  -31.653  -31.653  -22.491  -33.241   22.646  -13.330    9.315  -23.926
     9   -9.512   -9.512  -14.529  -22.459   16.003  -10.204    5.799  -16.661
    10   -9.466   -9.466  -14.444  -22.454   16.077  -10.209    5.869  -16.585
    11   -9.463   -9.463  -14.442  -22.450   16.056  -10.189    5.868  -16.583
    12   -9.451   -9.451  -14.570  -22.479   16.033  -10.254    5.779  -16.700
    13   -2.967   -2.967  -13.594  -18.445   12.580   -9.739    2.841  -15.604
    14   -2.959   -2.959  -13.626  -18.459   12.659   -9.828    2.831  -15.628
    15   -2.206   -2.206  -13.131  -18.009   12.800  -10.051    2.749  -15.260
    16   -2.170   -2.170  -13.126  -17.984   12.840  -10.108    2.732  -15.252
    17   -1.657   -1.657  -12.500  -16.680   11.616   -9.489    2.127  -14.553
    18   -1.602   -1.602  -12.558  -16.737   11.555   -9.423    2.132  -14.606
    19   -1.091   -1.091  -13.941  -18.277   12.698  -10.331    2.367  -15.910
    20   -1.070   -1.070  -14.028  -18.353   12.560  -10.191    2.369  -15.984
    21   -0.531   -0.531  -12.893  -16.955   11.624   -9.655    1.969  -14.986
    22   -0.481   -0.481  -12.875  -16.896   11.586   -9.654    1.932  -14.964
    23    0.190    0.190  -14.387  -18.099   12.223  -10.406    1.816  -16.283
    24    0.213    0.213  -14.356  -18.053   12.101  -10.302    1.799  -16.254
    25    2.446    2.446  -16.107  -17.810   10.885  -10.517    0.368  -17.442
    26    2.592    2.592  -15.963  -17.552   10.893  -10.644    0.249  -17.303
    27    4.257    4.257  -17.278  -12.299    7.280  -11.811   -4.531  -16.831
    28    4.260    4.260  -17.265  -12.270    7.234  -11.781   -4.548  -16.818
    29    5.421    5.421  -15.124  -10.192    4.771   -9.412   -4.641  -14.833
    30    5.454    5.454  -15.141  -10.203    4.647   -9.292   -4.644  -14.847
    31    5.971    5.971  -17.120  -11.910    6.328  -11.147   -4.820  -16.730
    32    6.115    6.115  -17.105  -11.769    5.369  -10.301   -4.932  -16.701
    33    7.323    7.323  -17.425  -11.321    5.210  -10.828   -5.618  -16.939
    34    7.406    7.406  -17.417  -11.263    6.025  -11.685   -5.660  -16.923
    35    9.722    9.722  -11.900   -6.659    3.472   -8.702   -5.231  -11.890
    36    9.842    9.842  -11.800   -6.590    3.368   -8.582   -5.214  -11.804
    37   10.041   10.041  -10.367   -5.321    2.457   -7.637   -5.181  -10.502
    38   10.043   10.043  -10.355   -5.310    2.449   -7.629   -5.180  -10.490
    39   12.115   12.115   -7.997   -3.444    1.891   -6.789   -4.898   -8.342
    40   12.123   12.123   -7.994   -3.442    1.895   -6.792   -4.897   -8.339

 Symmetrized values from band-averaging:

       k =  0.333333  0.333333  0.000000 ik =   4 spin = 1

     n      Emf       Eo      Vxc        X      Cor     Eqp0     Eqp1      Znk
     1  -58.240  -58.240  -24.265  -41.072   15.373  -59.674  -59.400    0.809
     2  -58.240  -58.240  -24.265  -41.072   15.373  -59.674  -59.400    0.809
     3  -34.160  -34.160  -22.789  -33.828    9.437  -35.762  -35.640    0.924
     4  -34.137  -34.137  -22.812  -33.876    9.131  -36.070  -35.865    0.894
     5  -31.724  -31.724  -22.397  -33.221    9.708  -32.840  -32.706    0.880
     6  -31.676  -31.676  -22.446  -33.298    9.340  -33.188  -32.963    0.852
     7  -31.669  -31.669  -22.475  -33.215    9.387  -33.022  -32.785    0.825
     8  -31.653  -31.653  -22.491  -33.241    9.315  -33.088  -32.798    0.798
     9   -9.512   -9.512  -14.529  -22.459    5.799  -11.643  -11.148    0.768
    10   -9.466   -9.466  -14.444  -22.454    5.869  -11.607  -11.123    0.774
    11   -9.463   -9.463  -14.442  -22.450    5.868  -11.604  -11.121    0.774
    12   -9.451   -9.451  -14.570  -22.479    5.779  -11.581  -11.088    0.769
    13   -2.967   -2.967  -13.594  -18.445    2.841   -4.977   -4.587    0.806
    14   -2.959   -2.959  -13.626  -18.459    2.831   -4.961   -4.573    0.806
    15   -2.206   -2.206  -13.131  -18.009    2.749   -4.335   -3.933    0.811
    16   -2.170   -2.170  -13.126  -17.984    2.732   -4.296   -3.895    0.811
    17   -1.657   -1.657  -12.500  -16.680    2.127   -3.709   -3.337    0.818
    18   -1.602   -1.602  -12.558  -16.737    2.132   -3.650   -3.278    0.819
    19   -1.091   -1.091  -13.941  -18.277    2.367   -3.061   -2.695    0.814
    20   -1.070   -1.070  -14.028  -18.353    2.369   -3.025   -2.662    0.814
    21   -0.531   -0.531  -12.893  -16.955    1.969   -2.624   -2.255    0.824
    22   -0.481   -0.481  -12.875  -16.896    1.932   -2.570   -2.202    0.824
    23    0.190    0.190  -14.387  -18.099    1.816   -1.706   -1.365    0.820
    24    0.213    0.213  -14.356  -18.053    1.799   -1.685   -1.344    0.820
    25    2.446    2.446  -16.107  -17.810    0.368    1.111    1.355    0.817
    26    2.592    2.592  -15.963  -17.552    0.249    1.252    1.496    0.817
    27    4.257    4.257  -17.278  -12.299   -4.531    4.704    4.620    0.811
    28    4.260    4.260  -17.265  -12.270   -4.548    4.707    4.623    0.811
    29    5.421    5.421  -15.124  -10.192   -4.641    5.712    5.660    0.823
    30    5.454    5.454  -15.141  -10.203   -4.644    5.747    5.695    0.823
    31    5.971    5.971  -17.120  -11.910   -4.820    6.361    6.288    0.812
    32    6.115    6.115  -17.105  -11.769   -4.932    6.519    6.443    0.812
    33    7.323    7.323  -17.425  -11.321   -5.618    7.809    7.717    0.810
    34    7.406    7.406  -17.417  -11.263   -5.660    7.900    7.806    0.810
    35    9.722    9.722  -11.900   -6.659   -5.231    9.733    9.731    0.827
    36    9.842    9.842  -11.800   -6.590   -5.214    9.838    9.839    0.827
    37   10.041   10.041  -10.367   -5.321   -5.181    9.906    9.928    0.835
    38   10.043   10.043  -10.355   -5.310   -5.180    9.908    9.930    0.835
    39   12.115   12.115   -7.997   -3.444   -4.898   11.770   11.824    0.843
    40   12.123   12.123   -7.994   -3.442   -4.897   11.779   11.832    0.843

================================================================================

    n = band index.
  Emf = "inner" mean-field energy eigenvalue used to construct Sigma(E),
        read from WFN_inner.
   Eo = "outer" mean-field energy eigenvalue where we center the evaluation
        frequency grid {E} of Sigma(E). Defaults to Emf, unless
        you use WFN_outer and eqp_outer.dat / scissors_outer.
  Vxc = exchange-correlation pot., calculated from VXC or read from vxc.dat.
  KIH = Kinetic energy + Ionic potential + Hartree, read from kih.dat.
    X = bare exchange.
   SX = screened exchange contrib. to Sigma(E) at energy E=Eo
   CH = Coulomb hole contrib. to Sigma(E) at energy E=Eo
  Cor = SX-X + CH = correlation portion of Sigma(E) at energy E=Eo.
  Sig = X + Cor = self energy, Sigma(E), at energy E=Eo.
 Eqp0 = on-shell QP energy = Emf - Vxc + Sig(Eo)
        Eqp0 is *not* the recommended quantity to use for QP properties.
 Eqp1 = off-shell solution to the linearized  Dyson`s equation
      = Eqp0 + (dSig/dE) / (1 - dSig/dE) * (Eqp0 - Eo),
        or a full linear interpolation if more freq. points where computed.
        Eqp1 is the recommended quantity to use for QP properties.
  Znk = quasiparticle renormalization factor

 Notes on the static remainder:
 - Unprimed values, such as Eqp0, are evaluated WITH the static remainder
 - Primed values, such as Eqp0`, are evaluated WITHOUT the static remainder

 Notes on the finite_difference_form from sigma.inp file:
   none    : -2 => dSig/dE = 0 (skip the expansion)
   backward: -1 => dSig/dE = (Sig(Eo) - Sig(Eo-dE)) / dE
   central :  0 => dSig/dE = (Sig(Eo+dE) - Sig(Eo-dE)) / (2*dE)
   forward :  1 => dSig/dE = (Sig(Eo+dE) - Sig(Eo)) / dE
   default :  2 => forward for diagonal and none for off-diagonal
   dE is finite_difference_spacing from Sigma.inp file.
   We are using the form #2 with dE = 1.000 eV.

 General notes:
 - All energies are reported here in eV.
 - Both Emf and Vxc contain the average pot. Vxc0, so Vxc0 doesn`t affect Sigma.
 - Eqp1 and Eqp0 are Eqs. (36-37) from Hybertsen & Louie PRB 34 5390.
 - We recommend you use Eqp1 for QP properties of materials.

================================================================================


WARNING: |Eqp0 - Eo| > finite_difference_spacing. Linear extrapolation for eqp1
may be inaccurate. You should test the validity of eqp1 by rerunning the
calculation with the self energy evaluated at the eqp0 energies. For that,
use the eqp_outer.dat file, created with eqp.py script and point WFN_outer to
WFN_inner, if you were not already using WFN_outer.


********************************************************************************
*                                                                              *
* Your calculation employed methods and algorithms published in peer-reviewed  *
* papers. Please, cite the following references to give proper credit to their *
*          authors and help support future development of BerkeleyGW.          *
*                                                                              *
********************************************************************************

 J. Deslippe, G. Samsonidze, D. A. Strubbe, M. Jain, M. L. Cohen, and S. G.
 Louie, BerkeleyGW: A Massively Parallel Computer Package for the Calculation
 of the Quasiparticle and Optical Properties of Materials and Nanostructures,
 Computer Physics Communications 183, 1269 (2012).

 M. S. Hybertsen and S. G. Louie, Electron Correlation in Semiconductors and
 Insulators: Band Gaps and Quasiparticle Energies, Phys. Rev. B 34, 5390
 (1986).

 S. Ismail-Beigi, Truncation of Periodic Image Interactions for Confined
 Systems, Phys. Rev. B 73, 233103 (2006).

 B. A. Barker, and S. G. Louie, Electronic and Optical Properties of Solids
 with Strong Spin-Orbit Coupling, U. C. Berkeley PhD dissertation (2018).

********************************************************************************

 
 Timing information
 
                                CPU time (s)          WALL time (s)       Number
 Routine                       min        max        min        max     of calls
 -------------------------  ---------  ---------  ---------  ---------  --------
 - Epscopy Comm                  0.00       0.00      -0.00       0.00         4
 - Input I/O                     0.00       0.06       0.00       0.06       807
 - Input Comm                    0.05       0.12       0.05       0.12       807
 - FFT Zero                      0.88       1.06       0.45       0.58     22160
 - FFT Put                       0.82       0.92       0.39       0.47     22160
 - FFT Plan                     11.84      12.64       5.87       6.37     43320
 - FFT Exec                     37.29      39.43      18.57      19.65     43320
 - FFT Mltply                    1.48       1.81       0.79       0.96     21160
 - FFT Conjg                     0.03       0.06       0.02       0.04      1000
 - FFT Get                       0.66       0.85       0.32       0.42     21160
 - I/O TOTAL                     0.18       0.18       0.16       0.16         8
 - INPUT                         0.14       0.14       0.14       0.14         1
 - EPSCOPY                       0.05       0.05       0.03       0.03         1
 - FULLBZ                        0.00       0.00       0.00       0.01         2
 - VXC                           0.00       0.00       0.00       0.01         8
 - SUBGRP                        0.62       0.64       0.31       0.32        84
 - IRRBZ                         0.00       0.00      -0.00       0.00         4
 - GMAP                          0.00       0.01       0.00       0.00        21
 - GENWF                         0.06       0.09       0.04       0.05        21
 - MTXEL                        53.32      56.32      26.66      28.15       420
 - MTXEL_COR TOT                17.52      20.69       8.79      10.36       420
 - VCOUL                         0.73       0.95       0.72       0.85        21
 - EPSREAD                       0.01       0.01       0.01       0.01        21
 - INPUT_OUTER                   0.00       0.00      -0.00       0.00         1
 - MTXEL COMM                    0.00       0.00       0.00       0.00        21
 - BARE X                        0.00       0.11      -0.00       0.05       424
 - WF COMM                       0.07       0.13       0.05       0.10         4
 - INPUT (READ)                  0.11       0.12       0.12       0.12       805
 - INPUT (WRITE)                 0.00       0.00       0.00       0.01       800
 - SUB-TRANSF TOT                0.00       0.00      -0.00       0.00       420
 - M.COR INIT                    0.00       0.02      -0.00       0.01       420
 - M.COR EPSINIT                 1.69       1.76       0.45       0.47       420
 - M.COR COMM                    1.25       4.14       0.62       2.39      3360
 - M.COR PP PREP                 0.67       0.71       0.38       0.46     17020
 - M.COR SX+CH                  12.38      12.89       6.52       6.67     83580
 - M.COR REMAIN                  1.66       1.81       0.84       0.92     83580
 - READ NEPS                     0.00       0.00       0.00       0.00         1
 - EPSCOPY IO                    0.04       0.05       0.03       0.03         4
 - EQP LOOP TOTAL               75.33      75.55      38.12      38.15         4
 - TOTAL                        75.65      75.84      38.39      38.39         1
 
 Job Done
 
